<?xml version="1.0" encoding="UTF-8"?>
<!-- Generated by org.testng.reporters.JUnitReportReporter -->
<testsuite hostname="Nadya-ПК" name="com.example.tests.NewContact" tests="2" failures="0" timestamp="14 Feb 2015 17:58:52 GMT" time="4.161" errors="0">
  <testcase name="testNonEmptyContactCreation" time="2.067" classname="com.example.tests.NewContact"/>
  <testcase name="testEmptyContactCreation" time="2.094" classname="com.example.tests.NewContact"/>
</testsuite> <!-- com.example.tests.NewContact -->
