<?xml version="1.0" encoding="UTF-8"?>
<!-- Generated by org.testng.reporters.JUnitReportReporter -->
<testsuite hostname="Nadya-ПК" name="com.example.tests.ContactCreationTest" tests="2" failures="0" timestamp="15 Feb 2015 19:56:04 GMT" time="6.009" errors="0">
  <testcase name="testNonEmptyContactCreation" time="2.910" classname="com.example.tests.ContactCreationTest"/>
  <testcase name="testEmptyContactCreation" time="3.099" classname="com.example.tests.ContactCreationTest"/>
</testsuite> <!-- com.example.tests.ContactCreationTest -->
