<?xml version="1.0" encoding="UTF-8"?>
<!-- Generated by org.testng.reporters.JUnitReportReporter -->
<testsuite hostname="Nadya-ПК" name="com.example.tests.EmptyGroupCreationTests" tests="1" failures="0" timestamp="15 Feb 2015 17:31:34 GMT" time="1.678" errors="0">
  <testcase name="testNonEmptyGroupCreation" time="1.678" classname="com.example.tests.EmptyGroupCreationTests"/>
</testsuite> <!-- com.example.tests.EmptyGroupCreationTests -->
