<?xml version="1.0" encoding="UTF-8"?>
<!-- Generated by org.testng.reporters.JUnitReportReporter -->
<testsuite hostname="Nadya-ПК" name="com.example.tests.EmptyGroupCreationTest" tests="1" failures="0" timestamp="15 Feb 2015 17:11:14 GMT" time="1.587" errors="0">
  <testcase name="testEmptyGroupCreation" time="1.587" classname="com.example.tests.EmptyGroupCreationTest"/>
</testsuite> <!-- com.example.tests.EmptyGroupCreationTest -->
