<?xml version="1.0" encoding="UTF-8"?>
<!-- Generated by org.testng.reporters.JUnitReportReporter -->
<testsuite hostname="Nadya-ПК" name="com.example.tests.GroupCreationTests" tests="2" failures="0" timestamp="15 Feb 2015 19:56:04 GMT" time="3.065" errors="0">
  <testcase name="testEmptyGroupCreation" time="1.401" classname="com.example.tests.GroupCreationTests"/>
  <testcase name="testNonEmptyGroupCreation" time="1.664" classname="com.example.tests.GroupCreationTests"/>
</testsuite> <!-- com.example.tests.GroupCreationTests -->
