<?xml version="1.0" encoding="UTF-8"?>
<!-- Generated by org.testng.reporters.JUnitReportReporter -->
<testsuite hostname="Nadya-ПК" name="com.example.tests.AlsoOfGroupCreationTests" tests="2" failures="0" timestamp="14 Feb 2015 16:44:53 GMT" time="2.672" errors="0">
  <testcase name="testEmptyGroupCreation" time="1.286" classname="com.example.tests.AlsoOfGroupCreationTests"/>
  <testcase name="testNonEmptyGroupCreation" time="1.386" classname="com.example.tests.AlsoOfGroupCreationTests"/>
</testsuite> <!-- com.example.tests.AlsoOfGroupCreationTests -->
