<?xml version="1.0" encoding="UTF-8"?>
<!-- Generated by org.testng.reporters.JUnitReportReporter -->
<testsuite hostname="Nadya-ПК" name="com.example.tests.GroupCreationTests" tests="1" failures="0" timestamp="15 Feb 2015 17:11:14 GMT" time="1.770" errors="0">
  <testcase name="testNonEmptyGroupCreation" time="1.770" classname="com.example.tests.GroupCreationTests"/>
</testsuite> <!-- com.example.tests.GroupCreationTests -->
